Added Component: Designator=C1(0402)
Added Component: Designator=C2(0402)
Added Component: Designator=C3(0603)
Added Component: Designator=C4(0603)
Added Component: Designator=C5(0603)
Added Component: Designator=C6(0603)
Added Component: Designator=C7(0402)
Added Component: Designator=C8(0402)
Added Component: Designator=C9(0402)
Added Component: Designator=C10(0402)
Added Component: Designator=C11(0402)
Added Component: Designator=C12(0402)
Added Component: Designator=C13(0603)
Added Component: Designator=C14(0402)
Added Component: Designator=C15(0603)
Added Component: Designator=C16(0402)
Added Component: Designator=C17(0402)
Added Component: Designator=C18(0402)
Added Component: Designator=C19(0402)
Added Component: Designator=C20(0402)
Added Component: Designator=D1(SOT-3)
Added Component: Designator=IC1(SOT223)
Added Component: Designator=IC2(FT2232HQ)
Added Component: Designator=J1(WE_629105150521)
Added Component: Designator=J2(MH_2X08_2.00_RA)
Added Component: Designator=L1(0603)
Added Component: Designator=L2(0603)
Added Component: Designator=L3(0603)
Added Component: Designator=L4(0603)
Added Component: Designator=PWR1(LED0603)
Added Component: Designator=R1(0603)
Added Component: Designator=R2(0402)
Added Component: Designator=R3(0402)
Added Component: Designator=R4(0402)
Added Component: Designator=R5(0402)
Added Component: Designator=R6(0402)
Added Component: Designator=R7(0402)
Added Component: Designator=R8(0402)
Added Component: Designator=R9(0402)
Added Component: Designator=USB1(LED0603)
Added Component: Designator=Y1(QC3CA12)
Added Pin To Net: NetName=GND Pin=C1-2
Added Pin To Net: NetName=GND Pin=C2-1
Added Pin To Net: NetName=GND Pin=C3-1
Added Pin To Net: NetName=GND Pin=C4-1
Added Pin To Net: NetName=GND Pin=C5-1
Added Pin To Net: NetName=GND Pin=C6-2
Added Pin To Net: NetName=GND Pin=C7-1
Added Pin To Net: NetName=GND Pin=C8-1
Added Pin To Net: NetName=GND Pin=C9-1
Added Pin To Net: NetName=GND Pin=C10-1
Added Pin To Net: NetName=GND Pin=C11-1
Added Pin To Net: NetName=GND Pin=C12-1
Added Pin To Net: NetName=GND Pin=C13-2
Added Pin To Net: NetName=GND Pin=C14-1
Added Pin To Net: NetName=GND Pin=C15-2
Added Pin To Net: NetName=GND Pin=C16-1
Added Pin To Net: NetName=GND Pin=C17-1
Added Pin To Net: NetName=GND Pin=C18-1
Added Pin To Net: NetName=GND Pin=C19-1
Added Pin To Net: NetName=GND Pin=C20-1
Added Pin To Net: NetName=USB_D_N Pin=D1-1
Added Pin To Net: NetName=USB_D_P Pin=D1-2
Added Pin To Net: NetName=GND Pin=D1-3
Added Pin To Net: NetName=GND Pin=IC1-1
Added Pin To Net: NetName=GND Pin=IC2-10
Added Pin To Net: NetName=GND Pin=IC2-13
Added Pin To Net: NetName=GND Pin=IC2-GND
Added Pin To Net: NetName=GND Pin=IC2-GND
Added Pin To Net: NetName=GND Pin=IC2-GND
Added Pin To Net: NetName=GND Pin=IC2-GND
Added Pin To Net: NetName=GND Pin=IC2-GND
Added Pin To Net: NetName=GND Pin=IC2-GND
Added Pin To Net: NetName=GND Pin=IC2-GND
Added Pin To Net: NetName=GND Pin=IC2-GND
Added Pin To Net: NetName=GND Pin=IC2-GND
Added Pin To Net: NetName=USB_D_N Pin=J1-2
Added Pin To Net: NetName=USB_D_P Pin=J1-3
Added Pin To Net: NetName=GND Pin=J1-4
Added Pin To Net: NetName=GND Pin=J1-5
Added Pin To Net: NetName=SHIELD Pin=J1-S
Added Pin To Net: NetName=SHIELD Pin=J1-S
Added Pin To Net: NetName=SHIELD Pin=J1-S
Added Pin To Net: NetName=SHIELD Pin=J1-S
Added Pin To Net: NetName=JTAG_TMS Pin=J2-4
Added Pin To Net: NetName=JTAG_TCK Pin=J2-6
Added Pin To Net: NetName=GND Pin=J2-7
Added Pin To Net: NetName=JTAG_TDO Pin=J2-8
Added Pin To Net: NetName=JTAG_TDI Pin=J2-10
Added Pin To Net: NetName=GND Pin=J2-14
Added Pin To Net: NetName=GND Pin=J2-15
Added Pin To Net: NetName=GND Pin=L2-1
Added Pin To Net: NetName=SHIELD Pin=L2-2
Added Pin To Net: NetName=GND Pin=PWR1-K
Added Pin To Net: NetName=GND Pin=R2-1
Added Pin To Net: NetName=GND Pin=R9-1
Added Pin To Net: NetName=GND Pin=Y1-2
Added Pin To Net: NetName=GND Pin=Y1-4
Added Pin To Net: NetName=+1V8_FT Pin=C15-1
Added Pin To Net: NetName=+1V8_FT Pin=C16-2
Added Pin To Net: NetName=+1V8_FT Pin=C17-2
Added Pin To Net: NetName=+1V8_FT Pin=C18-2
Added Net: Name=+1V8_FT
Added Pin To Net: NetName=1V8_FT Pin=IC2-49
Added Pin To Net: NetName=1V8_FT Pin=IC2-VCORE
Added Pin To Net: NetName=1V8_FT Pin=IC2-VCORE
Added Pin To Net: NetName=1V8_FT Pin=IC2-VCORE
Added Net: Name=1V8_FT
Added Pin To Net: NetName=3V3_FT Pin=C4-2
Added Pin To Net: NetName=3V3_FT Pin=C5-2
Added Pin To Net: NetName=3V3_FT Pin=C8-2
Added Pin To Net: NetName=3V3_FT Pin=C9-2
Added Pin To Net: NetName=3V3_FT Pin=C10-2
Added Pin To Net: NetName=3V3_FT Pin=C11-2
Added Pin To Net: NetName=3V3_FT Pin=C12-2
Added Pin To Net: NetName=3V3_FT Pin=IC1-2
Added Pin To Net: NetName=3V3_FT Pin=IC1-4
Added Pin To Net: NetName=3V3_FT Pin=IC2-50
Added Pin To Net: NetName=3V3_FT Pin=IC2-VCCIO
Added Pin To Net: NetName=3V3_FT Pin=IC2-VCCIO
Added Pin To Net: NetName=3V3_FT Pin=IC2-VCCIO
Added Pin To Net: NetName=3V3_FT Pin=IC2-VCCIO
Added Pin To Net: NetName=3V3_FT Pin=J2-1
Added Pin To Net: NetName=3V3_FT Pin=J2-2
Added Pin To Net: NetName=3V3_FT Pin=J2-9
Added Pin To Net: NetName=3V3_FT Pin=L3-1
Added Pin To Net: NetName=3V3_FT Pin=L4-1
Added Pin To Net: NetName=3V3_FT Pin=R1-1
Added Pin To Net: NetName=3V3_FT Pin=R8-1
Added Net: Name=3V3_FT
Added Pin To Net: NetName=5V_USB Pin=C2-2
Added Pin To Net: NetName=5V_USB Pin=C3-2
Added Pin To Net: NetName=5V_USB Pin=IC1-3
Added Pin To Net: NetName=5V_USB Pin=J2-16
Added Pin To Net: NetName=5V_USB Pin=L1-1
Added Pin To Net: NetName=5V_USB Pin=USB1-A
Added Net: Name=5V_USB
Added Pin To Net: NetName=AUX_JTAG_TCK_3V3 Pin=R3-2
Added Net: Name=AUX_JTAG_TCK_3V3
Added Pin To Net: NetName=AUX_JTAG_TDI_3V3 Pin=R4-2
Added Net: Name=AUX_JTAG_TDI_3V3
Added Pin To Net: NetName=AUX_JTAG_TDO_3V3 Pin=R5-2
Added Net: Name=AUX_JTAG_TDO_3V3
Added Pin To Net: NetName=AUX_JTAG_TMS_3V3 Pin=R6-2
Added Net: Name=AUX_JTAG_TMS_3V3
Added Pin To Net: NetName=DBG_USB_D_N Pin=IC2-7
Added Net: Name=DBG_USB_D_N
Added Pin To Net: NetName=DBG_USB_D_P Pin=IC2-8
Added Net: Name=DBG_USB_D_P
Added Pin To Net: NetName=NetC1_1 Pin=C1-1
Added Pin To Net: NetName=NetC1_1 Pin=J1-1
Added Pin To Net: NetName=NetC1_1 Pin=L1-2
Added Net: Name=NetC1_1
Added Pin To Net: NetName=NetC6_1 Pin=C6-1
Added Pin To Net: NetName=NetC6_1 Pin=C7-2
Added Pin To Net: NetName=NetC6_1 Pin=IC2-9
Added Pin To Net: NetName=NetC6_1 Pin=L3-2
Added Net: Name=NetC6_1
Added Pin To Net: NetName=NetC13_1 Pin=C13-1
Added Pin To Net: NetName=NetC13_1 Pin=C14-2
Added Pin To Net: NetName=NetC13_1 Pin=IC2-4
Added Pin To Net: NetName=NetC13_1 Pin=L4-2
Added Net: Name=NetC13_1
Added Pin To Net: NetName=NetC19_2 Pin=C19-2
Added Pin To Net: NetName=NetC19_2 Pin=IC2-2
Added Pin To Net: NetName=NetC19_2 Pin=Y1-1
Added Net: Name=NetC19_2
Added Pin To Net: NetName=NetC20_2 Pin=C20-2
Added Pin To Net: NetName=NetC20_2 Pin=IC2-3
Added Pin To Net: NetName=NetC20_2 Pin=Y1-3
Added Net: Name=NetC20_2
Added Pin To Net: NetName=NetIC2_6 Pin=IC2-6
Added Pin To Net: NetName=NetIC2_6 Pin=R9-2
Added Net: Name=NetIC2_6
Added Pin To Net: NetName=NetIC2_14 Pin=IC2-14
Added Pin To Net: NetName=NetIC2_14 Pin=R8-2
Added Net: Name=NetIC2_14
Added Pin To Net: NetName=NetIC2_16 Pin=IC2-16
Added Pin To Net: NetName=NetIC2_16 Pin=R3-1
Added Net: Name=NetIC2_16
Added Pin To Net: NetName=NetIC2_17 Pin=IC2-17
Added Pin To Net: NetName=NetIC2_17 Pin=R4-1
Added Net: Name=NetIC2_17
Added Pin To Net: NetName=NetIC2_18 Pin=IC2-18
Added Pin To Net: NetName=NetIC2_18 Pin=R5-1
Added Net: Name=NetIC2_18
Added Pin To Net: NetName=NetIC2_19 Pin=IC2-19
Added Pin To Net: NetName=NetIC2_19 Pin=R6-1
Added Net: Name=NetIC2_19
Added Pin To Net: NetName=NetIC2_22 Pin=IC2-22
Added Pin To Net: NetName=NetIC2_22 Pin=R7-1
Added Net: Name=NetIC2_22
Added Pin To Net: NetName=NetIC2_36 Pin=IC2-36
Added Net: Name=NetIC2_36
Added Pin To Net: NetName=NetIC2_60 Pin=IC2-60
Added Net: Name=NetIC2_60
Added Pin To Net: NetName=NetPWR1_A Pin=PWR1-A
Added Pin To Net: NetName=NetPWR1_A Pin=R1-2
Added Net: Name=NetPWR1_A
Added Pin To Net: NetName=NetR2_2 Pin=R2-2
Added Pin To Net: NetName=NetR2_2 Pin=USB1-K
Added Net: Name=NetR2_2
Added Pin To Net: NetName=SRST_RDYN Pin=J2-12
Added Pin To Net: NetName=SRST_RDYN Pin=R7-2
Added Net: Name=SRST_RDYN
Added Pin To Net: NetName=UART1_RX Pin=IC2-38
Added Pin To Net: NetName=UART1_RX Pin=J2-3
Added Net: Name=UART1_RX
Added Pin To Net: NetName=UART1_TX Pin=IC2-39
Added Pin To Net: NetName=UART1_TX Pin=J2-5
Added Net: Name=UART1_TX
Added Pin To Net: NetName=UART2_RX Pin=IC2-48
Added Pin To Net: NetName=UART2_RX Pin=J2-11
Added Net: Name=UART2_RX
Added Pin To Net: NetName=UART2_TX Pin=IC2-52
Added Pin To Net: NetName=UART2_TX Pin=J2-13
Added Net: Name=UART2_TX
Added Class: Name=FTDI-Toolkit
Added Differential Pair: Name=DBG_USB_D
