Added Component: Designator=C1(0603)
Added Component: Designator=C2(0603)
Added Component: Designator=C6(0603)
Added Component: Designator=C11(0402)
Added Component: Designator=C12(0402)
Added Component: Designator=C32(0603)
Added Component: Designator=C33(0402)
Added Component: Designator=C34(0402)
Added Component: Designator=C35(0402)
Added Component: Designator=C37(0402)
Added Component: Designator=C38(0402)
Added Component: Designator=C39(0402)
Added Component: Designator=C40(0603)
Added Component: Designator=C41(0402)
Added Component: Designator=C42(0402)
Added Component: Designator=C43(0402)
Added Component: Designator=C44(0603)
Added Component: Designator=C45(0402)
Added Component: Designator=C46(0402)
Added Component: Designator=C47(0402)
Added Component: Designator=D4(SOT-3)
Added Component: Designator=IC1(SOT223)
Added Component: Designator=IC8(FT2232HQ)
Added Component: Designator=J8(WE_629105150521)
Added Component: Designator=J?(MH_2X08_2.00_RA)
Added Component: Designator=L2(0603)
Added Component: Designator=L3(0603)
Added Component: Designator=L11(0603)
Added Component: Designator=L15(0603)
Added Component: Designator=PWR(LED0603)
Added Component: Designator=R1(0603)
Added Component: Designator=R31(0402)
Added Component: Designator=R32(0402)
Added Component: Designator=R33(0402)
Added Component: Designator=R34(0402)
Added Component: Designator=R35(0402)
Added Component: Designator=R36(0402)
Added Component: Designator=R37(0402)
Added Component: Designator=R38(0402)
Added Component: Designator=USB(LED0603)
Added Component: Designator=Y2(QC3CA12)
Added Pin To Net: NetName=GND Pin=C1-1
Added Pin To Net: NetName=GND Pin=C2-1
Added Pin To Net: NetName=GND Pin=C6-1
Added Pin To Net: NetName=NetC11_1 Pin=C11-1
Added Pin To Net: NetName=GND Pin=C11-2
Added Pin To Net: NetName=GND Pin=C12-1
Added Pin To Net: NetName=GND Pin=C32-2
Added Pin To Net: NetName=GND Pin=C33-1
Added Pin To Net: NetName=GND Pin=C34-1
Added Pin To Net: NetName=GND Pin=C35-1
Added Pin To Net: NetName=GND Pin=C37-1
Added Pin To Net: NetName=GND Pin=C38-1
Added Pin To Net: NetName=GND Pin=C39-1
Added Pin To Net: NetName=GND Pin=C40-2
Added Pin To Net: NetName=GND Pin=C41-1
Added Pin To Net: NetName=GND Pin=C42-1
Added Pin To Net: NetName=GND Pin=C43-1
Added Pin To Net: NetName=GND Pin=C44-2
Added Pin To Net: NetName=GND Pin=C45-1
Added Pin To Net: NetName=GND Pin=C46-1
Added Pin To Net: NetName=GND Pin=C47-1
Added Pin To Net: NetName=USB_D_N Pin=D4-1
Added Pin To Net: NetName=USB_D_P Pin=D4-2
Added Pin To Net: NetName=GND Pin=D4-3
Added Pin To Net: NetName=GND Pin=IC1-1
Added Pin To Net: NetName=GND Pin=IC8-10
Added Pin To Net: NetName=GND Pin=IC8-13
Added Pin To Net: NetName=GND Pin=IC8-GND
Added Pin To Net: NetName=GND Pin=IC8-GND
Added Pin To Net: NetName=GND Pin=IC8-GND
Added Pin To Net: NetName=GND Pin=IC8-GND
Added Pin To Net: NetName=GND Pin=IC8-GND
Added Pin To Net: NetName=GND Pin=IC8-GND
Added Pin To Net: NetName=GND Pin=IC8-GND
Added Pin To Net: NetName=GND Pin=IC8-GND
Added Pin To Net: NetName=GND Pin=IC8-GND
Added Pin To Net: NetName=NetC11_1 Pin=J8-1
Added Pin To Net: NetName=USB_D_N Pin=J8-2
Added Pin To Net: NetName=USB_D_P Pin=J8-3
Added Pin To Net: NetName=GND Pin=J8-4
Added Pin To Net: NetName=GND Pin=J8-5
Added Pin To Net: NetName=SHIELD Pin=J8-S
Added Pin To Net: NetName=SHIELD Pin=J8-S
Added Pin To Net: NetName=SHIELD Pin=J8-S
Added Pin To Net: NetName=SHIELD Pin=J8-S
Added Pin To Net: NetName=JTAG_TMS Pin=J?-4
Added Pin To Net: NetName=JTAG_TCK Pin=J?-6
Added Pin To Net: NetName=GND Pin=J?-7
Added Pin To Net: NetName=JTAG_TDO Pin=J?-8
Added Pin To Net: NetName=JTAG_TDI Pin=J?-10
Added Pin To Net: NetName=GND Pin=J?-14
Added Pin To Net: NetName=GND Pin=J?-15
Added Pin To Net: NetName=GND Pin=L2-1
Added Pin To Net: NetName=SHIELD Pin=L2-2
Added Pin To Net: NetName=NetC11_1 Pin=L3-2
Added Pin To Net: NetName=GND Pin=PWR-K
Added Pin To Net: NetName=GND Pin=R31-1
Added Pin To Net: NetName=GND Pin=R38-1
Added Pin To Net: NetName=GND Pin=Y2-2
Added Pin To Net: NetName=GND Pin=Y2-4
Added Pin To Net: NetName=+1V8_FT Pin=C40-1
Added Pin To Net: NetName=+1V8_FT Pin=C41-2
Added Pin To Net: NetName=+1V8_FT Pin=C42-2
Added Pin To Net: NetName=+1V8_FT Pin=C43-2
Added Net: Name=+1V8_FT
Added Pin To Net: NetName=1V8_FT Pin=IC8-49
Added Pin To Net: NetName=1V8_FT Pin=IC8-VCORE
Added Pin To Net: NetName=1V8_FT Pin=IC8-VCORE
Added Pin To Net: NetName=1V8_FT Pin=IC8-VCORE
Added Net: Name=1V8_FT
Added Pin To Net: NetName=3V3_FT Pin=C2-2
Added Pin To Net: NetName=3V3_FT Pin=C6-2
Added Pin To Net: NetName=3V3_FT Pin=C34-2
Added Pin To Net: NetName=3V3_FT Pin=C35-2
Added Pin To Net: NetName=3V3_FT Pin=C37-2
Added Pin To Net: NetName=3V3_FT Pin=C38-2
Added Pin To Net: NetName=3V3_FT Pin=C39-2
Added Pin To Net: NetName=3V3_FT Pin=IC1-2
Added Pin To Net: NetName=3V3_FT Pin=IC1-4
Added Pin To Net: NetName=3V3_FT Pin=IC8-50
Added Pin To Net: NetName=3V3_FT Pin=IC8-VCCIO
Added Pin To Net: NetName=3V3_FT Pin=IC8-VCCIO
Added Pin To Net: NetName=3V3_FT Pin=IC8-VCCIO
Added Pin To Net: NetName=3V3_FT Pin=IC8-VCCIO
Added Pin To Net: NetName=3V3_FT Pin=J?-1
Added Pin To Net: NetName=3V3_FT Pin=J?-2
Added Pin To Net: NetName=3V3_FT Pin=J?-9
Added Pin To Net: NetName=3V3_FT Pin=L11-1
Added Pin To Net: NetName=3V3_FT Pin=L15-1
Added Pin To Net: NetName=3V3_FT Pin=R1-1
Added Pin To Net: NetName=3V3_FT Pin=R37-1
Added Net: Name=3V3_FT
Added Pin To Net: NetName=5V_USB Pin=C1-2
Added Pin To Net: NetName=5V_USB Pin=C12-2
Added Pin To Net: NetName=5V_USB Pin=IC1-3
Added Pin To Net: NetName=5V_USB Pin=J?-16
Added Pin To Net: NetName=5V_USB Pin=L3-1
Added Pin To Net: NetName=5V_USB Pin=USB-A
Added Net: Name=5V_USB
Added Pin To Net: NetName=AUX_JTAG_TCK_3V3 Pin=R32-2
Added Net: Name=AUX_JTAG_TCK_3V3
Added Pin To Net: NetName=AUX_JTAG_TDI_3V3 Pin=R33-2
Added Net: Name=AUX_JTAG_TDI_3V3
Added Pin To Net: NetName=AUX_JTAG_TDO_3V3 Pin=R34-2
Added Net: Name=AUX_JTAG_TDO_3V3
Added Pin To Net: NetName=AUX_JTAG_TMS_3V3 Pin=R35-2
Added Net: Name=AUX_JTAG_TMS_3V3
Added Pin To Net: NetName=DBG_USB_D_N Pin=IC8-7
Added Net: Name=DBG_USB_D_N
Added Pin To Net: NetName=DBG_USB_D_P Pin=IC8-8
Added Net: Name=DBG_USB_D_P
Added Pin To Net: NetName=NetC32_1 Pin=C32-1
Added Pin To Net: NetName=NetC32_1 Pin=C33-2
Added Pin To Net: NetName=NetC32_1 Pin=IC8-9
Added Pin To Net: NetName=NetC32_1 Pin=L15-2
Added Net: Name=NetC32_1
Added Pin To Net: NetName=NetC44_1 Pin=C44-1
Added Pin To Net: NetName=NetC44_1 Pin=C45-2
Added Pin To Net: NetName=NetC44_1 Pin=IC8-4
Added Pin To Net: NetName=NetC44_1 Pin=L11-2
Added Net: Name=NetC44_1
Added Pin To Net: NetName=NetC46_2 Pin=C46-2
Added Pin To Net: NetName=NetC46_2 Pin=IC8-2
Added Pin To Net: NetName=NetC46_2 Pin=Y2-1
Added Net: Name=NetC46_2
Added Pin To Net: NetName=NetC47_2 Pin=C47-2
Added Pin To Net: NetName=NetC47_2 Pin=IC8-3
Added Pin To Net: NetName=NetC47_2 Pin=Y2-3
Added Net: Name=NetC47_2
Added Pin To Net: NetName=NetIC8_6 Pin=IC8-6
Added Pin To Net: NetName=NetIC8_6 Pin=R38-2
Added Net: Name=NetIC8_6
Added Pin To Net: NetName=NetIC8_14 Pin=IC8-14
Added Pin To Net: NetName=NetIC8_14 Pin=R37-2
Added Net: Name=NetIC8_14
Added Pin To Net: NetName=NetIC8_16 Pin=IC8-16
Added Pin To Net: NetName=NetIC8_16 Pin=R32-1
Added Net: Name=NetIC8_16
Added Pin To Net: NetName=NetIC8_17 Pin=IC8-17
Added Pin To Net: NetName=NetIC8_17 Pin=R33-1
Added Net: Name=NetIC8_17
Added Pin To Net: NetName=NetIC8_18 Pin=IC8-18
Added Pin To Net: NetName=NetIC8_18 Pin=R34-1
Added Net: Name=NetIC8_18
Added Pin To Net: NetName=NetIC8_19 Pin=IC8-19
Added Pin To Net: NetName=NetIC8_19 Pin=R35-1
Added Net: Name=NetIC8_19
Added Pin To Net: NetName=NetIC8_22 Pin=IC8-22
Added Pin To Net: NetName=NetIC8_22 Pin=R36-1
Added Net: Name=NetIC8_22
Added Pin To Net: NetName=NetIC8_36 Pin=IC8-36
Added Net: Name=NetIC8_36
Added Pin To Net: NetName=NetIC8_60 Pin=IC8-60
Added Net: Name=NetIC8_60
Added Pin To Net: NetName=NetPWR_A Pin=PWR-A
Added Pin To Net: NetName=NetPWR_A Pin=R1-2
Added Net: Name=NetPWR_A
Added Pin To Net: NetName=NetR31_2 Pin=R31-2
Added Pin To Net: NetName=NetR31_2 Pin=USB-K
Added Net: Name=NetR31_2
Added Pin To Net: NetName=SRST_RDYN Pin=J?-12
Added Pin To Net: NetName=SRST_RDYN Pin=R36-2
Added Net: Name=SRST_RDYN
Added Pin To Net: NetName=UART1_RX Pin=IC8-38
Added Pin To Net: NetName=UART1_RX Pin=J?-3
Added Net: Name=UART1_RX
Added Pin To Net: NetName=UART1_TX Pin=IC8-39
Added Pin To Net: NetName=UART1_TX Pin=J?-5
Added Net: Name=UART1_TX
Added Pin To Net: NetName=UART2_RX Pin=IC8-48
Added Pin To Net: NetName=UART2_RX Pin=J?-11
Added Net: Name=UART2_RX
Added Pin To Net: NetName=UART2_TX Pin=IC8-52
Added Pin To Net: NetName=UART2_TX Pin=J?-13
Added Net: Name=UART2_TX
Added Class: Name=FTDI-Toolkit
Added Differential Pair: Name=DBG_USB_D
