Removed Member From Class: ClassName=FTDI-Toolkit Member=C38
Removed Member From Class: ClassName=FTDI-Toolkit Member=C39
Change Component Designator: OldDesignator=C1 NewDesignator=C3
Change Component Designator: OldDesignator=C2 NewDesignator=C4
Change Component Designator: OldDesignator=C6 NewDesignator=C5
Change Component Designator: OldDesignator=C11 NewDesignator=C1
Change Component Designator: OldDesignator=C12 NewDesignator=C2
Change Component Designator: OldDesignator=C32 NewDesignator=C6
Change Component Designator: OldDesignator=C33 NewDesignator=C7
Change Component Designator: OldDesignator=C34 NewDesignator=C8
Change Component Designator: OldDesignator=C35 NewDesignator=C9
Change Component Designator: OldDesignator=C37 NewDesignator=C10
Change Component Designator: OldDesignator=C38 NewDesignator=C11
Change Component Designator: OldDesignator=C39 NewDesignator=C12
Change Component Designator: OldDesignator=C40 NewDesignator=C15
Change Component Designator: OldDesignator=C41 NewDesignator=C16
Change Component Designator: OldDesignator=C42 NewDesignator=C17
Change Component Designator: OldDesignator=C43 NewDesignator=C18
Change Component Designator: OldDesignator=C44 NewDesignator=C13
Change Component Designator: OldDesignator=C45 NewDesignator=C14
Change Component Designator: OldDesignator=C46 NewDesignator=C19
Change Component Designator: OldDesignator=C47 NewDesignator=C20
Change Component Designator: OldDesignator=D4 NewDesignator=D1
Change Component Designator: OldDesignator=IC8 NewDesignator=IC2
Change Component Designator: OldDesignator=J8 NewDesignator=J1
Change Component Designator: OldDesignator=J? NewDesignator=J2
Change Component Designator: OldDesignator=L3 NewDesignator=L1
Change Component Designator: OldDesignator=L11 NewDesignator=L4
Change Component Designator: OldDesignator=L15 NewDesignator=L3
Change Component Designator: OldDesignator=R31 NewDesignator=R2
Change Component Designator: OldDesignator=R32 NewDesignator=R3
Change Component Designator: OldDesignator=R33 NewDesignator=R4
Change Component Designator: OldDesignator=R34 NewDesignator=R5
Change Component Designator: OldDesignator=R35 NewDesignator=R6
Change Component Designator: OldDesignator=R36 NewDesignator=R7
Change Component Designator: OldDesignator=R37 NewDesignator=R8
Change Component Designator: OldDesignator=R38 NewDesignator=R9
Change Component Designator: OldDesignator=Y2 NewDesignator=Y1
Change Net Name : Old Net Name=NetC11_1 New Net Name=NetC1_1
Change Net Name : Old Net Name=NetC32_1 New Net Name=NetC6_1
Change Net Name : Old Net Name=NetC44_1 New Net Name=NetC13_1
Change Net Name : Old Net Name=NetC46_2 New Net Name=NetC19_2
Change Net Name : Old Net Name=NetC47_2 New Net Name=NetC20_2
Change Net Name : Old Net Name=NetIC8_6 New Net Name=NetIC2_6
Change Net Name : Old Net Name=NetIC8_14 New Net Name=NetIC2_14
Change Net Name : Old Net Name=NetIC8_16 New Net Name=NetIC2_16
Change Net Name : Old Net Name=NetIC8_17 New Net Name=NetIC2_17
Change Net Name : Old Net Name=NetIC8_18 New Net Name=NetIC2_18
Change Net Name : Old Net Name=NetIC8_19 New Net Name=NetIC2_19
Change Net Name : Old Net Name=NetIC8_22 New Net Name=NetIC2_22
Change Net Name : Old Net Name=NetIC8_36 New Net Name=NetIC2_36
Change Net Name : Old Net Name=NetIC8_60 New Net Name=NetIC2_60
Change Net Name : Old Net Name=NetR31_2 New Net Name=NetR2_2
Added Member To Class: ClassName=FTDI-Toolkit Member=Component C3 1u
Added Member To Class: ClassName=FTDI-Toolkit Member=Component C4 1u
